2026-02-18 00:49:38 - POST: Array
(
    [csrf_token] => 46d461dd8e0e11eb79b7b18d989069420ad8776d22527c7621f8c15f81574c29
    [action] => profile
    [username] => admin
    [email] => admin@burservice.ru
    [full_name] => Главный администратор
)

2026-02-18 00:51:46 - POST: Array
(
    [csrf_token] => 46d461dd8e0e11eb79b7b18d989069420ad8776d22527c7621f8c15f81574c29
    [action] => profile
    [username] => admin1
    [email] => admin1@burservice.ru
    [full_name] => Главный администратор1
)

2026-02-18 00:59:09 - POST: Array
(
    [csrf_token] => 46d461dd8e0e11eb79b7b18d989069420ad8776d22527c7621f8c15f81574c29
    [action] => profile
    [username] => admin
    [email] => admin@burservice.ru
    [full_name] => администратор
)

2026-02-18 20:41:42 - POST: Array
(
    [csrf_token] => 77103d9eaeb6f9efc9e50a7fa26a17ab5e8a5f1d5a54a12689109348c7bfbf03
    [action] => profile
    [username] => editor1
    [email] => admin1@burservice.ru
    [full_name] => Редактор
)

2026-02-18 20:42:31 - POST: Array
(
    [csrf_token] => 5ef7827377ab23091b419d56a64a01d74c1a14b82737e4fa7cf98b5d64db14b0
    [action] => profile
    [username] => admin
    [email] => admin@burservice.ru
    [full_name] => Главный администратор
)

2026-02-18 20:42:46 - POST: Array
(
    [csrf_token] => 5ef7827377ab23091b419d56a64a01d74c1a14b82737e4fa7cf98b5d64db14b0
    [action] => profile
    [username] => admin
    [email] => admin1@burservice.ru
    [full_name] => Главный администратор
)

2026-02-18 20:42:50 - POST: Array
(
    [csrf_token] => 5ef7827377ab23091b419d56a64a01d74c1a14b82737e4fa7cf98b5d64db14b0
    [action] => profile
    [username] => admin
    [email] => admin2@burservice.ru
    [full_name] => Главный администратор
)

2026-03-14 00:13:15 - POST: Array
(
    [csrf_token] => 412a96559eba0fa16057f821858a717426b5ff5c74ef8f364cd13797e847df24
    [action] => profile
    [username] => admin
    [email] => admin@nordvoda.ru
    [full_name] => Админ
)

